Login attempt with email: admin@nucleusteq.com
New Item Added
New User Added
Item 123 Assigned to User 1
Item Deleted
User Deleted 
Login attempt with email: invalid@nucleusteq.com
Login attempt with email: admin@nucleusteq.com
Login attempt with email: admin@nucleusteq.com
Logged Out
Item 123 Unassigned
Login attempt with email: admin@nucleusteq.com
New Item Added
New User Added
Item 123 Assigned to User 1
Item Deleted
User Deleted 
Login attempt with email: invalid@nucleusteq.com
Login attempt with email: admin@nucleusteq.com
Login attempt with email: admin@nucleusteq.com
Logged Out
Item 123 Unassigned
Login attempt with email: admin@nucleusteq.com
New User Added
Employee Loggedin
Profile Page for UID : 1
Employee Loggedin
Logged Out
Login attempt with email: test@nucleusteq.com
New Item Added
User Deleted 
New Item Added
User Deleted 
New Item Added
New User Added
New Item Added
New Item Added
New Item Added
New User Added
New Item Added
New User Added
New Item Added
New User Added
Item 1 Assigned to User 1
Item Deleted
User Deleted 
Item 1 Unassigned
New Item Added
New User Added
Item 1 Assigned to User 1
Item Deleted
User Deleted 
Item Info Modified
User Info Modified
Item 1 Unassigned
New Item Added
New User Added
Item 1 Assigned to User 1
Item Deleted
User Deleted 
Item 1 Unassigned
Login attempt with email: admin@nqt.com@nucleusteq.com
New Item Added
New User Added
Item 1 Assigned to User 1
Item Deleted
User Deleted 
Login attempt with email: invalid@nqt.com@nucleusteq.com
Login attempt with email: admin@nqt.com@nucleusteq.com
Login attempt with email: admin@nqt.com@nucleusteq.com
Logged Out
Item 1 Unassigned
Login attempt with email: admin@nqt.com@nucleusteq.com
New Item Added
New User Added
Item 1 Assigned to User 1
Item Deleted
User Deleted 
Login attempt with email: invalid@nqt.com@nucleusteq.com
Login attempt with email: admin@nqt.com@nucleusteq.com
Login attempt with email: admin@nqt.com@nucleusteq.com
Logged Out
Item 1 Unassigned
Login attempt with email: admin@nqt.com@nucleusteq.com
New Item Added
New User Added
Item 1 Assigned to User 1
Item Deleted
User Deleted 
Item Info Modified
User Info Modified
Login attempt with email: invalid@nqt.com@nucleusteq.com
Login attempt with email: admin@nqt.com@nucleusteq.com
Login attempt with email: admin@nqt.com@nucleusteq.com
Logged Out
Item 1 Unassigned
Login attempt with email: admin@nqt.com@nucleusteq.com
New Item Added
New User Added
Item 1 Assigned to User 1
Item Deleted
User Deleted 
User Info Modified
Login attempt with email: invalid@nqt.com@nucleusteq.com
Login attempt with email: admin@nqt.com@nucleusteq.com
Login attempt with email: admin@nqt.com@nucleusteq.com
Logged Out
Item 1 Unassigned
Login attempt with email: admin@nucleusteq.com
Login attempt with email: admin@nucleusteq.com
Login attempt with email: admin@nucleusteq.com
User Info Modified
All Items view
Item Info Modified
Item Info Modified
User Info Modified
All Items view
Login attempt with email: admin@nqt.com@nucleusteq.com
New Item Added
New User Added
Item 1 Assigned to User 1
Item Deleted
User Deleted 
Login attempt with email: invalid@nqt.com@nucleusteq.com
Login attempt with email: admin@nqt.com@nucleusteq.com
Login attempt with email: admin@nqt.com@nucleusteq.com
Logged Out
Item 1 Unassigned
Login attempt with email: admin@nqt.com@nucleusteq.com
New Item Added
New User Added
Item 1 Assigned to User 1
Item Deleted
User Deleted 
Login attempt with email: invalid@nqt.com@nucleusteq.com
Login attempt with email: admin@nqt.com@nucleusteq.com
Login attempt with email: admin@nqt.com@nucleusteq.com
Logged Out
Item 1 Unassigned
Login attempt with email: admin@nqt.com@nucleusteq.com
New Item Added
New User Added
Item 1 Assigned to User 1
Item Deleted
User Deleted 
Login attempt with email: invalid@nqt.com@nucleusteq.com
Login attempt with email: admin@nqt.com@nucleusteq.com
Login attempt with email: admin@nqt.com@nucleusteq.com
Logged Out
Item 1 Unassigned
Login attempt with email: admin@nqt.com@nucleusteq.com
New Item Added
New User Added
Item 1 Assigned to User 1
Item Deleted
User Deleted 
Item Info Modified
Login attempt with email: invalid@nqt.com@nucleusteq.com
Login attempt with email: admin@nqt.com@nucleusteq.com
Login attempt with email: admin@nqt.com@nucleusteq.com
Logged Out
Item 1 Unassigned
Login attempt with email: admin@nqt.com@nucleusteq.com
New Item Added
New User Added
Item 1 Assigned to User 1
Item Deleted
User Deleted 
Item Info Modified
Login attempt with email: invalid@nqt.com@nucleusteq.com
Login attempt with email: admin@nqt.com@nucleusteq.com
Login attempt with email: admin@nqt.com@nucleusteq.com
Logged Out
Item 1 Unassigned
Login attempt with email: admin@nqt.com@nucleusteq.com
New Item Added
New User Added
Item 1 Assigned to User 1
Item Deleted
User Deleted 
Login attempt with email: invalid@nqt.com@nucleusteq.com
Login attempt with email: admin@nqt.com@nucleusteq.com
Login attempt with email: admin@nqt.com@nucleusteq.com
Logged Out
Item 1 Unassigned
Login attempt with email: admin@nqt.com@nucleusteq.com
New Item Added
New User Added
Item 1 Assigned to User 1
Item Deleted
User Deleted 
Login attempt with email: invalid@nqt.com@nucleusteq.com
Login attempt with email: admin@nqt.com@nucleusteq.com
Login attempt with email: admin@nqt.com@nucleusteq.com
Logged Out
Item 1 Unassigned
Login attempt with email: admin@nqt.com@nucleusteq.com
New Item Added
New User Added
Assigned Items Filter
Item 1 Assigned to User 1
Item Deleted
User Deleted 
Login attempt with email: invalid@nqt.com@nucleusteq.com
Login attempt with email: admin@nqt.com@nucleusteq.com
Login attempt with email: admin@nqt.com@nucleusteq.com
Logged Out
Item 1 Unassigned
Login attempt with email: admin@nqt.com@nucleusteq.com
New Item Added
New User Added
Assigned Items Filter
Item 1 Assigned to User 1
Item Deleted
User Deleted 
Login attempt with email: invalid@nqt.com@nucleusteq.com
Login attempt with email: admin@nqt.com@nucleusteq.com
Login attempt with email: admin@nqt.com@nucleusteq.com
Logged Out
Item 1 Unassigned
Login attempt with email: admin@nqt.com@nucleusteq.com
New Item Added
New User Added
Assigned Items Filter
Item 1 Assigned to User 1
Item Deleted
User Deleted 
Login attempt with email: invalid@nqt.com@nucleusteq.com
Login attempt with email: admin@nqt.com@nucleusteq.com
Login attempt with email: admin@nqt.com@nucleusteq.com
Logged Out
Item 1 Unassigned
Login attempt with email: admin@nqt.com@nucleusteq.com
New Item Added
New User Added
Assigned Items Filter
Item 1 Assigned to User 1
Item Deleted
User Deleted 
Login attempt with email: invalid@nqt.com@nucleusteq.com
Login attempt with email: admin@nqt.com@nucleusteq.com
Login attempt with email: admin@nqt.com@nucleusteq.com
Logged Out
Item 1 Unassigned
Login attempt with email: admin@nqt.com@nucleusteq.com
New Item Added
New User Added
Assigned Items Filter
Item 1 Assigned to User 1
Item Deleted
User Deleted 
Login attempt with email: invalid@nqt.com@nucleusteq.com
Login attempt with email: admin@nqt.com@nucleusteq.com
Login attempt with email: admin@nqt.com@nucleusteq.com
Logged Out
Item 1 Unassigned
Login attempt with email: admin@nqt.com@nucleusteq.com
New Item Added
New User Added
Assigned Items Filter
Item 1 Assigned to User 1
Item Deleted
User Deleted 
Login attempt with email: invalid@nqt.com@nucleusteq.com
Login attempt with email: admin@nqt.com@nucleusteq.com
Login attempt with email: admin@nqt.com@nucleusteq.com
Logged Out
Item 1 Unassigned
Login attempt with email: admin@nqt.com@nucleusteq.com
New Item Added
New User Added
Assigned Items Filter
Item 1 Assigned to User 1
Item Deleted
User Deleted 
Login attempt with email: invalid@nqt.com@nucleusteq.com
Login attempt with email: admin@nqt.com@nucleusteq.com
Login attempt with email: admin@nqt.com@nucleusteq.com
Logged Out
Item 1 Unassigned
Login attempt with email: admin@nqt.com@nucleusteq.com
New Item Added
New User Added
Assigned Items Filter
Item 1 Assigned to User 1
Item Deleted
User Deleted 
Login attempt with email: invalid@nqt.com@nucleusteq.com
Login attempt with email: admin@nqt.com@nucleusteq.com
Login attempt with email: admin@nqt.com@nucleusteq.com
Logged Out
Item 1 Unassigned
Login attempt with email: admin@nqt.com@nucleusteq.com
New Item Added
New User Added
Assigned Items Filter
Item 1 Assigned to User 1
Item Deleted
User Deleted 
Item Info Modified
Login attempt with email: invalid@nqt.com@nucleusteq.com
Login attempt with email: admin@nqt.com@nucleusteq.com
Login attempt with email: admin@nqt.com@nucleusteq.com
Logged Out
Item 1 Unassigned
Login attempt with email: admin@nqt.com@nucleusteq.com
New Item Added
New User Added
Assigned Items Filter
Item 1 Assigned to User 1
Item Deleted
User Deleted 
Login attempt with email: invalid@nqt.com@nucleusteq.com
Login attempt with email: admin@nqt.com@nucleusteq.com
Login attempt with email: admin@nqt.com@nucleusteq.com
Logged Out
Item 1 Unassigned
Login attempt with email: admin@nqt.com@nucleusteq.com
New Item Added
New User Added
Assigned Items Filter
Item 1 Assigned to User 1
Item Deleted
User Deleted 
Login attempt with email: invalid@nqt.com@nucleusteq.com
Login attempt with email: admin@nqt.com@nucleusteq.com
Login attempt with email: admin@nqt.com@nucleusteq.com
Logged Out
Item 1 Unassigned
Login attempt with email: admin@nqt.com@nucleusteq.com
New Item Added
New User Added
Assigned Items Filter
Item 1 Assigned to User 1
Item Deleted
User Deleted 
Item Info Modified
Login attempt with email: invalid@nqt.com@nucleusteq.com
Login attempt with email: admin@nqt.com@nucleusteq.com
Login attempt with email: admin@nqt.com@nucleusteq.com
Logged Out
Item 1 Unassigned
Employee Denied Admin Page Access
No User Exists
Login attempt with email: admin@nqt.com@nucleusteq.com
New Item Added
New User Added
Assigned Items Filter
Item 1 Assigned to User 1
Item Deleted
User Deleted 
Login attempt with email: invalid@nqt.com@nucleusteq.com
Login attempt with email: admin@nqt.com@nucleusteq.com
Login attempt with email: admin@nqt.com@nucleusteq.com
Logged Out
Item 1 Unassigned
Login attempt with email: admin@nqt.com@nucleusteq.com
New Item Added
New User Added
Item 1 Assigned to User 1
Item Deleted
User Deleted 
Login attempt with email: invalid@nqt.com@nucleusteq.com
Login attempt with email: admin@nqt.com@nucleusteq.com
Login attempt with email: admin@nqt.com@nucleusteq.com
Logged Out
Item 1 Unassigned
Login attempt with email: admin@nqt.com@nucleusteq.com
New Item Added
New User Added
Assigned Items Filter
Item 1 Assigned to User 1
Item Deleted
User Deleted 
Login attempt with email: invalid@nqt.com@nucleusteq.com
Login attempt with email: admin@nqt.com@nucleusteq.com
Login attempt with email: admin@nqt.com@nucleusteq.com
Logged Out
Item 1 Unassigned
Login attempt with email: admin@nqt.com@nucleusteq.com
New Item Added
New User Added
Assigned Items Filter
Item 1 Assigned to User 1
Item Deleted
User Deleted 
Employee Loggedin
Login attempt with email: invalid@nqt.com@nucleusteq.com
Login attempt with email: admin@nucleusteq.com
Login attempt with email: employee@nucleusteq.com
Employee Loggedin
Login attempt with email: invalid@nucleusteq.com
Login attempt with email: admin@nqt.com@nucleusteq.com
Login attempt with email: admin@nqt.com@nucleusteq.com
Logged Out
Item 1 Unassigned
Login attempt with email: admin@nqt.com@nucleusteq.com
New Item Added
New User Added
Assigned Items Filter
Item 1 Assigned to User 1
Item Deleted
User Deleted 
Employee Loggedin
Login attempt with email: invalid@nqt.com@nucleusteq.com
Login attempt with email: admin@nucleusteq.com
Login attempt with email: employee@nucleusteq.com
Employee Loggedin
Login attempt with email: invalid@nucleusteq.com
Login attempt with email: admin@nqt.com@nucleusteq.com
Login attempt with email: admin@nqt.com@nucleusteq.com
Logged Out
Item 1 Unassigned
Login attempt with email: admin@nqt.com@nucleusteq.com
New Item Added
New User Added
Login attempt with email: admin@nqt.com@nucleusteq.com
New Item Added
New User Added
Assigned Items Filter
Item 1 Assigned to User 1
Item Deleted
User Deleted 
Employee Loggedin
Login attempt with email: invalid@nqt.com@nucleusteq.com
Login attempt with email: admin@nucleusteq.com
Login attempt with email: employee@nucleusteq.com
Employee Loggedin
Login attempt with email: invalid@nucleusteq.com
Login attempt with email: admin@nqt.com@nucleusteq.com
Login attempt with email: admin@nqt.com@nucleusteq.com
Logged Out
Item 1 Unassigned
Login attempt with email: admin@nqt.com@nucleusteq.com
New Item Added
New User Added
Assigned Items Filter
Item 1 Assigned to User 1
Item Deleted
User Deleted 
Item Info Modified
Employee Loggedin
Login attempt with email: invalid@nqt.com@nucleusteq.com
Login attempt with email: admin@nucleusteq.com
Login attempt with email: employee@nucleusteq.com
Employee Loggedin
Login attempt with email: invalid@nucleusteq.com
Login attempt with email: admin@nqt.com@nucleusteq.com
Login attempt with email: admin@nqt.com@nucleusteq.com
Logged Out
Item 1 Unassigned
Login attempt with email: admin@nqt.com@nucleusteq.com
New Item Added
New User Added
Assigned Items Filter
Item 1 Assigned to User 1
Item Deleted
User Deleted 
Item Info Modified
Employee Loggedin
Login attempt with email: invalid@nqt.com@nucleusteq.com
Login attempt with email: admin@nucleusteq.com
Login attempt with email: employee@nucleusteq.com
Employee Loggedin
Login attempt with email: invalid@nucleusteq.com
Login attempt with email: admin@nqt.com@nucleusteq.com
Login attempt with email: admin@nqt.com@nucleusteq.com
Logged Out
Item 1 Unassigned
Login attempt with email: admin@nqt.com@nucleusteq.com
New Item Added
New User Added
Assigned Items Filter
Item 1 Assigned to User 1
Item Deleted
User Deleted 
Item Info Modified
Employee Loggedin
Login attempt with email: invalid@nqt.com@nucleusteq.com
Login attempt with email: admin@nucleusteq.com
Login attempt with email: employee@nucleusteq.com
Employee Loggedin
Login attempt with email: invalid@nucleusteq.com
Login attempt with email: admin@nqt.com@nucleusteq.com
Login attempt with email: admin@nqt.com@nucleusteq.com
Logged Out
Item 1 Unassigned
Login attempt with email: admin@nqt.com@nucleusteq.com
New Item Added
New User Added
Assigned Items Filter
Item 1 Assigned to User 1
Item Deleted
User Deleted 
Item Info Modified
User Info Modified
Employee Loggedin
Login attempt with email: invalid@nqt.com@nucleusteq.com
Login attempt with email: admin@nucleusteq.com
Login attempt with email: employee@nucleusteq.com
Employee Loggedin
Login attempt with email: invalid@nucleusteq.com
Login attempt with email: admin@nqt.com@nucleusteq.com
Login attempt with email: admin@nqt.com@nucleusteq.com
Logged Out
Item 1 Unassigned
Login attempt with email: admin@nqt.com@nucleusteq.com
New Item Added
New User Added
Assigned Items Filter
Item 1 Assigned to User 1
Item Deleted
User Deleted 
Item Info Modified
User Info Modified
Employee Loggedin
Login attempt with email: invalid@nqt.com@nucleusteq.com
Login attempt with email: admin@nucleusteq.com
Login attempt with email: employee@nucleusteq.com
Employee Loggedin
Login attempt with email: invalid@nucleusteq.com
Login attempt with email: admin@nqt.com@nucleusteq.com
Login attempt with email: admin@nqt.com@nucleusteq.com
Logged Out
Item 1 Unassigned
Login attempt with email: admin@nqt.com@nucleusteq.com
New Item Added
New User Added
Assigned Items Filter
Item 1 Assigned to User 1
Item Deleted
User Deleted 
Item Info Modified
User Info Modified
Employee Loggedin
Login attempt with email: admin@nucleusteq.com
Login attempt with email: employee@nucleusteq.com
Employee Loggedin
Login attempt with email: invalid@nucleusteq.com
Login attempt with email: admin@nqt.com@nucleusteq.com
Logged Out
Item 1 Unassigned
New Item Added
New User Added
Assigned Items Filter
Item 1 Assigned to User 1
Item Deleted
User Deleted 
Item Info Modified
User Info Modified
Employee Loggedin
Login attempt with email: admin@nucleusteq.com
Login attempt with email: employee@nucleusteq.com
Employee Loggedin
Login attempt with email: invalid@nucleusteq.com
Login attempt with email: admin@nqt.com@nucleusteq.com
Logged Out
Item 1 Unassigned
New Item Added
New User Added
All Items view
Assigned Items Filter
Category Group Filter
Unssigned Items Filter
Employee Denied Admin Page Access
Item 1 Assigned to User 1
Item Deleted
User Deleted 
Item Info Modified
User Info Modified
Employee Loggedin
Login attempt with email: admin@nucleusteq.com
Login attempt with email: employee@nucleusteq.com
Employee Loggedin
Login attempt with email: invalid@nucleusteq.com
Login attempt with email: admin@nqt.com@nucleusteq.com
Logged Out
Item 1 Unassigned
New Item Added
New User Added
All Items view
Assigned Items Filter
Category Group Filter
Unssigned Items Filter
Employee Denied Admin Page Access
Item 1 Assigned to User 1
Item Deleted
User Deleted 
Item Info Modified
User Info Modified
Employee Loggedin
Login attempt with email: admin@nucleusteq.com
Login attempt with email: employee@nucleusteq.com
Employee Loggedin
Login attempt with email: invalid@nucleusteq.com
Login attempt with email: admin@nqt.com@nucleusteq.com
Logged Out
Item 1 Unassigned
New Item Added
New User Added
All Items view
Assigned Items Filter
Category Group Filter
Unssigned Items Filter
Employee Denied Admin Page Access
Item 1 Assigned to User 1
Item Deleted
User Deleted 
Item Info Modified
User Info Modified
Employee Loggedin
Login attempt with email: admin@nucleusteq.com
Login attempt with email: employee@nucleusteq.com
Employee Loggedin
Login attempt with email: invalid@nucleusteq.com
Login attempt with email: admin@nqt.com@nucleusteq.com
Logged Out
Profile Page for UID : 1
Profile Page for UID : None
Item 1 Unassigned
New Item Added
New User Added
All Items view
Assigned Items Filter
Category Group Filter
Unssigned Items Filter
Employee Denied Admin Page Access
Item 1 Assigned to User 1
Item Deleted
User Deleted 
Item Info Modified
User Info Modified
Employee Loggedin
Login attempt with email: admin@nucleusteq.com
Login attempt with email: employee@nucleusteq.com
Employee Loggedin
Login attempt with email: invalid@nucleusteq.com
Login attempt with email: admin@nqt.com@nucleusteq.com
Logged Out
Profile Page for UID : 1
Profile Page for UID : None
Item 1 Unassigned
New Item Added
New User Added
All Items view
Assigned Items Filter
Category Group Filter
Unssigned Items Filter
Employee Denied Admin Page Access
Item 1 Assigned to User 1
Item Deleted
User Deleted 
Item Info Modified
User Info Modified
Employee Loggedin
Login attempt with email: admin@nucleusteq.com
Login attempt with email: employee@nucleusteq.com
Employee Loggedin
Login attempt with email: invalid@nucleusteq.com
Login attempt with email: admin@nqt.com@nucleusteq.com
Logged Out
Profile Page for UID : 1
Profile Page for UID : None
Item 1 Unassigned
New Item Added
New User Added
All Items view
Assigned Items Filter
Category Group Filter
Unssigned Items Filter
Employee Denied Admin Page Access
Item 1 Assigned to User 1
Item Deleted
User Deleted 
Item Info Modified
User Info Modified
Employee Loggedin
Login attempt with email: admin@nucleusteq.com
Login attempt with email: employee@nucleusteq.com
Employee Loggedin
Login attempt with email: invalid@nucleusteq.com
Login attempt with email: admin@nqt.com@nucleusteq.com
Logged Out
Profile Page for UID : 1
Profile Page for UID : None
Item 1 Unassigned
New Item Added
New User Added
New User Added
All Items view
Assigned Items Filter
Category Group Filter
Unssigned Items Filter
Employee Denied Admin Page Access
Item 1 Assigned to User 1
Item Deleted
User Deleted 
Item Info Modified
User Info Modified
Employee Loggedin
Login attempt with email: admin@nucleusteq.com
Login attempt with email: employee@nucleusteq.com
Employee Loggedin
Login attempt with email: invalid@nucleusteq.com
Login attempt with email: admin@nqt.com@nucleusteq.com
Logged Out
Profile Page for UID : 1
Profile Page for UID : None
Item 1 Unassigned
New Item Added
New User Added
New User Added
All Items view
Assigned Items Filter
Category Group Filter
Unssigned Items Filter
Employee Denied Admin Page Access
Item 1 Assigned to User 1
Item Deleted
User Deleted 
Item Info Modified
User Info Modified
Employee Loggedin
Login attempt with email: admin@nucleusteq.com
Login attempt with email: employee@nucleusteq.com
Employee Loggedin
Login attempt with email: invalid@nucleusteq.com
Login attempt with email: admin@nqt.com@nucleusteq.com
Logged Out
Profile Page for UID : 1
Profile Page for UID : None
Item 1 Unassigned
New Item Added
New User Added
All Items view
Assigned Items Filter
Category Group Filter
Unssigned Items Filter
Employee Denied Admin Page Access
Item 1 Assigned to User 1
Item Deleted
User Deleted 
Item Info Modified
User Info Modified
Employee Loggedin
Login attempt with email: admin@nucleusteq.com
Login attempt with email: employee@nucleusteq.com
Employee Loggedin
Login attempt with email: invalid@nucleusteq.com
Login attempt with email: admin@nqt.com@nucleusteq.com
Logged Out
Profile Page for UID : 1
Profile Page for UID : None
Item 1 Unassigned
New Item Added
New User Added
All Items view
Assigned Items Filter
Category Group Filter
Unssigned Items Filter
Employee Denied Admin Page Access
Item 1 Assigned to User 1
Item Deleted
User Deleted 
Item Info Modified
User Info Modified
Employee Loggedin
Login attempt with email: admin@nucleusteq.com
Login attempt with email: employee@nucleusteq.com
Employee Loggedin
Login attempt with email: invalid@nucleusteq.com
Login attempt with email: admin@nqt.com@nucleusteq.com
Logged Out
Profile Page for UID : 1
Profile Page for UID : None
Item 1 Unassigned
New Item Added
New User Added
All Items view
Assigned Items Filter
Category Group Filter
Unssigned Items Filter
Employee Denied Admin Page Access
Item 1 Assigned to User 1
Item Deleted
User Deleted 
Item Info Modified
User Info Modified
Employee Loggedin
Login attempt with email: admin@nucleusteq.com
Login attempt with email: employee@nucleusteq.com
Employee Loggedin
Login attempt with email: invalid@nucleusteq.com
Login attempt with email: admin@nqt.com@nucleusteq.com
Logged Out
Profile Page for UID : 1
Profile Page for UID : None
Item 1 Unassigned
New Item Added
New User Added
All Items view
Assigned Items Filter
Category Group Filter
Unssigned Items Filter
Employee Denied Admin Page Access
Item 1 Assigned to User 1
Item Deleted
User Deleted 
Item Info Modified
User Info Modified
Employee Loggedin
Login attempt with email: admin@nucleusteq.com
Login attempt with email: employee@nucleusteq.com
Employee Loggedin
Login attempt with email: invalid@nucleusteq.com
Login attempt with email: admin@nqt.com@nucleusteq.com
Logged Out
Profile Page for UID : 1
Profile Page for UID : None
Item 1 Unassigned
New User Added
Employee Loggedin
Logged Out
Login attempt with email: admin@nucleusteq.com
All Items view
Assigned Items Filter
Unssigned Items Filter
Assigned Items Filter
Category Group Filter
New Item Added
New Item Added
Item Info Modified
Item Info Modified
Assigned Items Filter
Unssigned Items Filter
Unssigned Items Filter
Item 3 Assigned to User 3
Unssigned Items Filter
Assigned Items Filter
All Items view
Profile Page for UID : 2
Profile Page for UID : 2
Profile Page for UID : 2
Profile Page for UID : 2
Profile Page for UID : 2
Profile Page for UID : 2
User Info Modified
Profile Page for UID : 2
User Info Modified
Profile Page for UID : 2
Profile Page for UID : 2
Profile Page for UID : 2
User Info Modified
Profile Page for UID : 2
Profile Page for UID : 2
User Info Modified
Profile Page for UID : 2
Profile Page for UID : 2
Profile Page for UID : 2
Profile Page for UID : 2
Profile Page for UID : 2
Profile Page for UID : 2
Profile Page for UID : 2
Profile Page for UID : 2
Profile Page for UID : 2
Profile Page for UID : 2
Profile Page for UID : 2
Profile Page for UID : 2
Profile Page for UID : 2
Profile Page for UID : 2
Profile Page for UID : 2
Profile Page for UID : 2
User Info Modified
Profile Page for UID : 2
All Items view
All Items view
Unssigned Items Filter
Assigned Items Filter
Item 1 Unassigned
Assigned Items Filter
Item 1 Assigned to User 1
Item Info Modified
Category Group Filter
Item 1 Unassigned
Item 1 Assigned to User 2
Item 1 Unassigned
Category Group Filter
Assigned Items Filter
